<?xml version="1.0" encoding="UTF-8"?>
<!-- Generated by org.testng.reporters.JUnitXMLReporter -->
<testsuite hostname="DESKTOP-V3L13U9" ignored="0" name="IT" tests="4" failures="0" timestamp="2020-02-23T12:50:11 EST" time="34.195" errors="0">
  <testcase name="f" time="4.032" classname="RUN.DATAprovider"/>
  <testcase name="f" time="3.609" classname="RUN.DATAprovider"/>
  <testcase name="f" time="3.519" classname="RUN.DATAprovider"/>
  <testcase name="f" time="3.912" classname="RUN.DATAprovider"/>
</testsuite> <!-- IT -->
