<?xml version="1.0" encoding="UTF-8"?>
<!-- Generated by org.testng.reporters.JUnitXMLReporter -->
<testsuite hostname="DESKTOP-V3L13U9" ignored="0" name="Rgression" tests="4" failures="0" timestamp="2020-02-23T12:49:37 EST" time="41.478" errors="0">
  <testcase name="f" time="8.508" classname="RUN.DATAprovider"/>
  <testcase name="f" time="4.877" classname="RUN.DATAprovider"/>
  <testcase name="f" time="4.922" classname="RUN.DATAprovider"/>
  <testcase name="f" time="5.934" classname="RUN.DATAprovider"/>
</testsuite> <!-- Rgression -->
